<?xml version="1.0" encoding="UTF-8"?>
<testng-results skipped="0" failed="0" total="1" passed="1">
  <reporter-output>
  </reporter-output>
  <suite name="TestMultiplication" duration-ms="24" started-at="2019-07-02T04:44:53Z" finished-at="2019-07-02T04:44:53Z">
    <groups>
    </groups>
    <test name="Command line test" duration-ms="24" started-at="2019-07-02T04:44:53Z" finished-at="2019-07-02T04:44:53Z">
      <class name="TestMultiplication">
        <test-method status="PASS" signature="testAdd()[pri:0, instance:TestMultiplication@17f6480]" name="testAdd" duration-ms="10" started-at="2019-07-02T10:14:53Z" finished-at="2019-07-02T10:14:53Z">
          <reporter-output>
          </reporter-output>
        </test-method> <!-- testAdd -->
      </class> <!-- TestMultiplication -->
    </test> <!-- Command line test -->
  </suite> <!-- TestMultiplication -->
</testng-results>
